This is XeTeX, Version 3.141592653-2.6-0.999993 (TeX Live 2021) (preloaded format=xelatex 2021.9.25)  26 OCT 2021 09:39
entering extended mode
 restricted \write18 enabled.
 %&-line parsing enabled.
**drawing.tex
(./drawing.tex
LaTeX2e <2021-06-01> patch level 1
L3 programming layer <2021-08-27>
! Undefined control sequence.
l.4 \psset
          {xunit=.5pt,yunit=.5pt,runit=.5pt}
? x
 
Here is how much of TeX's memory you used:
 15 strings out of 476493
 297 string characters out of 5817125
 299592 words of memory out of 5000000
 20552 multiletter control sequences out of 15000+600000
 403430 words of font info for 27 fonts, out of 8000000 for 9000
 1348 hyphenation exceptions out of 8191
 12i,0n,12p,74b,10s stack positions out of 5000i,500n,10000p,200000b,80000s
No pages of output.
